2026-05-02 09:00:00 host=IT-ADM01 process=excel.exe status=OK
2026-05-02 09:00:31 host=IT-ADM01 process=acrord32.exe status=OK
2026-05-02 09:01:02 host=FIN-WS23 process=outlook.exe status=OK
2026-05-02 09:01:33 host=FIN-WS23 process=acrord32.exe status=OK
2026-05-02 09:02:04 host=HR-WS11 process=teams.exe status=OK
2026-05-02 09:02:35 host=FIN-WS23 process=teams.exe status=OK
2026-05-02 09:03:06 host=SAL-WS07 process=onedrive.exe status=OK
2026-05-02 09:03:37 host=IT-ADM01 process=excel.exe status=OK
2026-05-02 09:04:08 host=SAL-WS07 process=onedrive.exe status=OK
2026-05-02 09:04:39 host=FIN-WS23 process=outlook.exe status=OK
2026-05-02 09:05:10 host=IT-ADM01 process=outlook.exe status=OK
2026-05-02 09:05:41 host=IT-ADM01 process=acrord32.exe status=OK
2026-05-02 09:06:12 host=HR-WS11 process=excel.exe status=OK
2026-05-02 09:06:43 host=SAL-WS07 process=acrord32.exe status=OK
2026-05-02 09:07:14 host=SAL-WS07 process=onedrive.exe status=OK
2026-05-02 09:07:45 host=SAL-WS07 process=acrord32.exe status=OK
2026-05-02 09:08:16 host=HR-WS11 process=chrome.exe status=OK
2026-05-02 09:08:47 host=FIN-WS23 process=excel.exe status=OK
2026-05-02 09:09:18 host=SAL-WS07 process=outlook.exe status=OK
2026-05-02 09:09:49 host=IT-ADM01 process=chrome.exe status=OK
2026-05-02 09:10:20 host=IT-ADM01 process=chrome.exe status=OK
2026-05-02 09:10:51 host=FIN-WS23 process=teams.exe status=OK
2026-05-02 09:11:22 host=FIN-WS23 process=chrome.exe status=OK
2026-05-02 09:11:53 host=IT-ADM01 process=excel.exe status=OK
2026-05-02 09:12:24 host=SAL-WS07 process=outlook.exe status=OK
2026-05-02 09:12:55 host=SAL-WS07 process=acrord32.exe status=OK
2026-05-02 09:13:26 host=SAL-WS07 process=teams.exe status=OK
2026-05-02 09:13:57 host=SAL-WS07 process=acrord32.exe status=OK
2026-05-02 09:14:28 host=FIN-WS23 process=chrome.exe status=OK
2026-05-02 09:14:59 host=FIN-WS23 process=onedrive.exe status=OK
2026-05-02 09:15:30 host=FIN-WS23 process=excel.exe status=OK
2026-05-02 09:16:01 host=SAL-WS07 process=teams.exe status=OK
2026-05-02 09:16:32 host=IT-ADM01 process=outlook.exe status=OK
2026-05-02 09:17:03 host=HR-WS11 process=outlook.exe status=OK
2026-05-02 09:17:34 host=FIN-WS23 process=acrord32.exe status=OK
2026-05-02 09:18:05 host=HR-WS11 process=excel.exe status=OK
2026-05-02 09:18:36 host=FIN-WS23 process=excel.exe status=OK
2026-05-02 09:19:07 host=IT-ADM01 process=onedrive.exe status=OK
2026-05-02 09:19:38 host=HR-WS11 process=acrord32.exe status=OK
2026-05-02 09:20:09 host=IT-ADM01 process=teams.exe status=OK
2026-05-02 09:20:40 host=FIN-WS23 process=acrord32.exe status=OK
2026-05-02 09:21:11 host=HR-WS11 process=chrome.exe status=OK
2026-05-02 09:21:42 host=SAL-WS07 process=onedrive.exe status=OK
2026-05-02 09:22:13 host=FIN-WS23 process=teams.exe status=OK
2026-05-02 09:22:44 host=SAL-WS07 process=acrord32.exe status=OK
2026-05-02 09:23:15 host=HR-WS11 process=chrome.exe status=OK
2026-05-02 09:23:46 host=IT-ADM01 process=chrome.exe status=OK
2026-05-02 09:24:17 host=IT-ADM01 process=teams.exe status=OK
2026-05-02 09:24:48 host=FIN-WS23 process=chrome.exe status=OK
2026-05-02 09:25:19 host=HR-WS11 process=acrord32.exe status=OK
2026-05-02 09:25:50 host=FIN-WS23 process=chrome.exe status=OK
2026-05-02 09:26:21 host=SAL-WS07 process=teams.exe status=OK
2026-05-02 09:26:52 host=FIN-WS23 process=outlook.exe status=OK
2026-05-02 09:27:23 host=FIN-WS23 process=acrord32.exe status=OK
2026-05-02 09:27:54 host=SAL-WS07 process=chrome.exe status=OK
2026-05-02 09:28:25 host=IT-ADM01 process=teams.exe status=OK
2026-05-02 09:28:56 host=HR-WS11 process=teams.exe status=OK
2026-05-02 09:29:27 host=SAL-WS07 process=chrome.exe status=OK
2026-05-02 09:29:58 host=SAL-WS07 process=teams.exe status=OK
2026-05-02 09:30:29 host=SAL-WS07 process=onedrive.exe status=OK
2026-05-02 09:31:00 host=IT-ADM01 process=onedrive.exe status=OK
2026-05-02 09:31:31 host=SAL-WS07 process=excel.exe status=OK
2026-05-02 09:32:02 host=IT-ADM01 process=teams.exe status=OK
2026-05-02 09:32:33 host=SAL-WS07 process=chrome.exe status=OK
2026-05-02 09:33:04 host=HR-WS11 process=acrord32.exe status=OK
2026-05-02 09:33:35 host=IT-ADM01 process=chrome.exe status=OK
2026-05-02 09:34:06 host=SAL-WS07 process=excel.exe status=OK
2026-05-02 09:34:37 host=SAL-WS07 process=acrord32.exe status=OK
2026-05-02 09:35:08 host=SAL-WS07 process=onedrive.exe status=OK
2026-05-02 09:35:39 host=HR-WS11 process=acrord32.exe status=OK
2026-05-02 09:36:10 host=IT-ADM01 process=onedrive.exe status=OK
2026-05-02 09:36:41 host=IT-ADM01 process=teams.exe status=OK
2026-05-02 09:37:12 host=IT-ADM01 process=outlook.exe status=OK
2026-05-02 09:37:43 host=IT-ADM01 process=acrord32.exe status=OK
2026-05-02 09:38:14 host=HR-WS11 process=onedrive.exe status=OK
2026-05-02 09:38:45 host=FIN-WS23 process=outlook.exe status=OK
2026-05-02 09:39:16 host=SAL-WS07 process=teams.exe status=OK
2026-05-02 09:39:47 host=FIN-WS23 process=onedrive.exe status=OK
2026-05-02 09:40:18 host=HR-WS11 process=outlook.exe status=OK
2026-05-02 09:40:49 host=HR-WS11 process=excel.exe status=OK
2026-05-02 09:41:20 host=HR-WS11 process=excel.exe status=OK
2026-05-02 09:41:51 host=IT-ADM01 process=onedrive.exe status=OK
2026-05-02 09:42:22 host=HR-WS11 process=teams.exe status=OK
2026-05-02 09:42:53 host=HR-WS11 process=acrord32.exe status=OK
2026-05-02 09:43:24 host=SAL-WS07 process=excel.exe status=OK
2026-05-02 09:43:55 host=SAL-WS07 process=teams.exe status=OK
2026-05-02 09:44:26 host=SAL-WS07 process=teams.exe status=OK
2026-05-02 09:44:57 host=SAL-WS07 process=excel.exe status=OK
2026-05-02 09:45:28 host=HR-WS11 process=chrome.exe status=OK
2026-05-02 09:45:59 host=SAL-WS07 process=teams.exe status=OK
2026-05-02 09:46:30 host=FIN-WS23 process=outlook.exe status=OK
2026-05-02 09:47:01 host=SAL-WS07 process=chrome.exe status=OK
2026-05-02 09:47:32 host=HR-WS11 process=chrome.exe status=OK
2026-05-02 09:48:03 host=SAL-WS07 process=outlook.exe status=OK
2026-05-02 09:48:34 host=FIN-WS23 process=acrord32.exe status=OK
2026-05-02 09:49:05 host=FIN-WS23 process=teams.exe status=OK
2026-05-02 09:49:36 host=SAL-WS07 process=excel.exe status=OK
2026-05-02 09:50:07 host=SAL-WS07 process=outlook.exe status=OK
2026-05-02 09:50:38 host=IT-ADM01 process=onedrive.exe status=OK
2026-05-02 09:51:09 host=SAL-WS07 process=chrome.exe status=OK
2026-05-02 09:51:40 host=FIN-WS23 process=teams.exe status=OK
2026-05-02 09:52:11 host=IT-ADM01 process=teams.exe status=OK
2026-05-02 09:52:42 host=SAL-WS07 process=teams.exe status=OK
2026-05-02 09:53:13 host=HR-WS11 process=teams.exe status=OK
2026-05-02 09:53:44 host=IT-ADM01 process=acrord32.exe status=OK
2026-05-02 09:54:15 host=IT-ADM01 process=teams.exe status=OK
2026-05-02 09:54:46 host=IT-ADM01 process=teams.exe status=OK
2026-05-02 09:55:17 host=HR-WS11 process=outlook.exe status=OK
2026-05-02 09:55:48 host=HR-WS11 process=outlook.exe status=OK
2026-05-02 09:56:19 host=SAL-WS07 process=excel.exe status=OK
2026-05-02 09:56:50 host=IT-ADM01 process=acrord32.exe status=OK
2026-05-02 09:57:21 host=SAL-WS07 process=onedrive.exe status=OK
2026-05-02 09:57:52 host=HR-WS11 process=excel.exe status=OK
2026-05-02 09:58:23 host=FIN-WS23 process=outlook.exe status=OK
2026-05-02 09:58:54 host=FIN-WS23 process=teams.exe status=OK
2026-05-02 09:59:25 host=HR-WS11 process=outlook.exe status=OK
2026-05-02 09:59:56 host=IT-ADM01 process=chrome.exe status=OK
2026-05-02 10:00:27 host=FIN-WS23 process=onedrive.exe status=OK
2026-05-02 10:00:58 host=HR-WS11 process=excel.exe status=OK
2026-05-02 10:01:29 host=IT-ADM01 process=acrord32.exe status=OK
2026-05-02 09:16:11 host=FIN-WS23 process=WINWORD.EXE file=Invoice_April_2026.docm
2026-05-02 09:16:18 host=FIN-WS23 parent=WINWORD.EXE process=powershell.exe cmd=-enc SQBFAFgA
2026-05-02 09:16:24 host=FIN-WS23 process=powershell.exe netconn=198.51.100.24:80