2026-05-02 09:00:00 ALLOW from=user0@example.com to=it.rahul subject=Routine Update attachment=None
2026-05-02 09:01:00 ALLOW from=user1@example.com to=sales.vikram subject=Routine Update attachment=None
2026-05-02 09:02:00 ALLOW from=user2@example.com to=hr.neha subject=Routine Update attachment=None
2026-05-02 09:03:00 ALLOW from=user3@example.com to=it.rahul subject=Routine Update attachment=None
2026-05-02 09:04:00 ALLOW from=user4@example.com to=hr.neha subject=Routine Update attachment=None
2026-05-02 09:05:00 ALLOW from=user5@example.com to=hr.neha subject=Routine Update attachment=None
2026-05-02 09:06:00 ALLOW from=user6@example.com to=finance.aarti subject=Routine Update attachment=None
2026-05-02 09:07:00 ALLOW from=user7@example.com to=hr.neha subject=Routine Update attachment=None
2026-05-02 09:08:00 ALLOW from=user8@example.com to=sales.vikram subject=Routine Update attachment=None
2026-05-02 09:09:00 ALLOW from=user9@example.com to=sales.vikram subject=Routine Update attachment=None
2026-05-02 09:10:00 ALLOW from=user10@example.com to=it.rahul subject=Routine Update attachment=None
2026-05-02 09:11:00 ALLOW from=user11@example.com to=sales.vikram subject=Routine Update attachment=None
2026-05-02 09:12:00 ALLOW from=user12@example.com to=sales.vikram subject=Routine Update attachment=None
2026-05-02 09:13:00 ALLOW from=user13@example.com to=sales.vikram subject=Routine Update attachment=None
2026-05-02 09:14:00 ALLOW from=user14@example.com to=sales.vikram subject=Routine Update attachment=None
2026-05-02 09:15:00 ALLOW from=user15@example.com to=finance.aarti subject=Routine Update attachment=None
2026-05-02 09:16:00 ALLOW from=user16@example.com to=finance.aarti subject=Routine Update attachment=None
2026-05-02 09:17:00 ALLOW from=user17@example.com to=it.rahul subject=Routine Update attachment=None
2026-05-02 09:18:00 ALLOW from=user18@example.com to=sales.vikram subject=Routine Update attachment=None
2026-05-02 09:19:00 ALLOW from=user19@example.com to=hr.neha subject=Routine Update attachment=None
2026-05-02 09:20:00 ALLOW from=user20@example.com to=finance.aarti subject=Routine Update attachment=None
2026-05-02 09:21:00 ALLOW from=user21@example.com to=sales.vikram subject=Routine Update attachment=None
2026-05-02 09:22:00 ALLOW from=user22@example.com to=sales.vikram subject=Routine Update attachment=None
2026-05-02 09:23:00 ALLOW from=user23@example.com to=finance.aarti subject=Routine Update attachment=None
2026-05-02 09:24:00 ALLOW from=user24@example.com to=sales.vikram subject=Routine Update attachment=None
2026-05-02 09:25:00 ALLOW from=user25@example.com to=finance.aarti subject=Routine Update attachment=None
2026-05-02 09:26:00 ALLOW from=user26@example.com to=hr.neha subject=Routine Update attachment=None
2026-05-02 09:27:00 ALLOW from=user27@example.com to=hr.neha subject=Routine Update attachment=None
2026-05-02 09:28:00 ALLOW from=user28@example.com to=sales.vikram subject=Routine Update attachment=None
2026-05-02 09:29:00 ALLOW from=user29@example.com to=hr.neha subject=Routine Update attachment=None
2026-05-02 09:30:00 ALLOW from=user30@example.com to=finance.aarti subject=Routine Update attachment=None
2026-05-02 09:31:00 ALLOW from=user31@example.com to=it.rahul subject=Routine Update attachment=None
2026-05-02 09:32:00 ALLOW from=user32@example.com to=hr.neha subject=Routine Update attachment=None
2026-05-02 09:33:00 ALLOW from=user33@example.com to=it.rahul subject=Routine Update attachment=None
2026-05-02 09:34:00 ALLOW from=user34@example.com to=sales.vikram subject=Routine Update attachment=None
2026-05-02 09:35:00 ALLOW from=user35@example.com to=sales.vikram subject=Routine Update attachment=None
2026-05-02 09:36:00 ALLOW from=user36@example.com to=it.rahul subject=Routine Update attachment=None
2026-05-02 09:37:00 ALLOW from=user37@example.com to=sales.vikram subject=Routine Update attachment=None
2026-05-02 09:38:00 ALLOW from=user38@example.com to=finance.aarti subject=Routine Update attachment=None
2026-05-02 09:39:00 ALLOW from=user39@example.com to=hr.neha subject=Routine Update attachment=None
2026-05-02 09:40:00 ALLOW from=user40@example.com to=sales.vikram subject=Routine Update attachment=None
2026-05-02 09:41:00 ALLOW from=user41@example.com to=finance.aarti subject=Routine Update attachment=None
2026-05-02 09:42:00 ALLOW from=user42@example.com to=sales.vikram subject=Routine Update attachment=None
2026-05-02 09:43:00 ALLOW from=user43@example.com to=sales.vikram subject=Routine Update attachment=None
2026-05-02 09:44:00 ALLOW from=user44@example.com to=it.rahul subject=Routine Update attachment=None
2026-05-02 09:45:00 ALLOW from=user45@example.com to=hr.neha subject=Routine Update attachment=None
2026-05-02 09:46:00 ALLOW from=user46@example.com to=sales.vikram subject=Routine Update attachment=None
2026-05-02 09:47:00 ALLOW from=user47@example.com to=it.rahul subject=Routine Update attachment=None
2026-05-02 09:48:00 ALLOW from=user48@example.com to=sales.vikram subject=Routine Update attachment=None
2026-05-02 09:49:00 ALLOW from=user49@example.com to=hr.neha subject=Routine Update attachment=None
2026-05-02 09:50:00 ALLOW from=user50@example.com to=sales.vikram subject=Routine Update attachment=None
2026-05-02 09:51:00 ALLOW from=user51@example.com to=it.rahul subject=Routine Update attachment=None
2026-05-02 09:52:00 ALLOW from=user52@example.com to=it.rahul subject=Routine Update attachment=None
2026-05-02 09:53:00 ALLOW from=user53@example.com to=finance.aarti subject=Routine Update attachment=None
2026-05-02 09:54:00 ALLOW from=user54@example.com to=finance.aarti subject=Routine Update attachment=None
2026-05-02 09:55:00 ALLOW from=user55@example.com to=sales.vikram subject=Routine Update attachment=None
2026-05-02 09:56:00 ALLOW from=user56@example.com to=finance.aarti subject=Routine Update attachment=None
2026-05-02 09:57:00 ALLOW from=user57@example.com to=it.rahul subject=Routine Update attachment=None
2026-05-02 09:58:00 ALLOW from=user58@example.com to=finance.aarti subject=Routine Update attachment=None
2026-05-02 09:59:00 ALLOW from=user59@example.com to=finance.aarti subject=Routine Update attachment=None
2026-05-02 09:14:03 ALLOW from=billing@micr0soft-support.com to=finance.aarti subject=Pending Invoice Notice attachment=Invoice_April_2026.docm